<?xml version="1.0"?><coverage lines-covered="166" lines-valid="566" line-rate="0.29328621908127206" branches-covered="0" branches-valid="0" branch-rate="0" complexity="0" version="1.9" timestamp="1736892406"><sources><source>C:\Users\richy\Documents\Programing\Rust\kronos</source></sources><packages><package name="src\model" line-rate="0.8346456692913385" branch-rate="0" complexity="0"><classes><class name="latest_task" filename="src\model\latest_task.rs" line-rate="0.9583333333333334" branch-rate="0" complexity="0"><methods/><lines><line number="17" hits="864691128455135232"/><line number="18" hits="864691128455135232"/><line number="19" hits="864691128455135232"/><line number="25" hits="144115188075855872"/><line number="27" hits="144115188075855872"/><line number="28" hits="72057594037927936"/><line number="29" hits="72057594037927936"/><line number="30" hits="72057594037927936"/><line number="33" hits="72057594037927936"/><line number="34" hits="72057594037927936"/><line number="35" hits="72057594037927936"/><line number="36" hits="72057594037927936"/><line number="38" hits="72057594037927936"/><line number="42" hits="144115188075855872"/><line number="43" hits="144115188075855872"/><line number="44" hits="0"/><line number="48" hits="144115188075855872"/><line number="49" hits="144115188075855872"/><line number="52" hits="144115188075855872"/><line number="53" hits="144115188075855872"/><line number="55" hits="144115188075855872"/><line number="56" hits="144115188075855872"/><line number="57" hits="144115188075855872"/><line number="59" hits="144115188075855872"/></lines></class><class name="task" filename="src\model\task.rs" line-rate="0.7868852459016393" branch-rate="0" complexity="0"><methods/><lines><line number="15" hits="432345564227567616"/><line number="16" hits="432345564227567616"/><line number="17" hits="432345564227567616"/><line number="18" hits="432345564227567616"/><line number="19" hits="432345564227567616"/><line number="23" hits="288230376151711744"/><line number="24" hits="288230376151711744"/><line number="25" hits="288230376151711744"/><line number="26" hits="288230376151711744"/><line number="27" hits="288230376151711744"/><line number="31" hits="1657324662872342528"/><line number="32" hits="1657324662872342528"/><line number="33" hits="1657324662872342528"/><line number="34" hits="1657324662872342528"/><line number="35" hits="1657324662872342528"/><line number="38" hits="360287970189639680"/><line number="42" hits="360287970189639680"/><line number="43" hits="360287970189639680"/><line number="44" hits="360287970189639680"/><line number="45" hits="360287970189639680"/><line number="46" hits="360287970189639680"/><line number="49" hits="144115188075855872"/><line number="50" hits="144115188075855872"/><line number="51" hits="144115188075855872"/><line number="52" hits="144115188075855872"/><line number="53" hits="144115188075855872"/><line number="54" hits="144115188075855872"/><line number="55" hits="144115188075855872"/><line number="58" hits="0"/><line number="62" hits="0"/><line number="63" hits="0"/><line number="64" hits="0"/><line number="68" hits="288230376151711744"/><line number="72" hits="288230376151711744"/><line number="73" hits="288230376151711744"/><line number="74" hits="144115188075855872"/><line number="75" hits="144115188075855872"/><line number="77" hits="144115188075855872"/><line number="81" hits="0"/><line number="85" hits="0"/><line number="87" hits="0"/><line number="89" hits="0"/><line number="91" hits="0"/><line number="96" hits="360287970189639680"/><line number="97" hits="360287970189639680"/><line number="98" hits="360287970189639680"/><line number="99" hits="360287970189639680"/><line number="100" hits="360287970189639680"/><line number="101" hits="1657324662872342528"/><line number="102" hits="360287970189639680"/><line number="107" hits="0"/><line number="111" hits="0"/><line number="112" hits="0"/><line number="114" hits="0"/><line number="120" hits="72057594037927936"/><line number="121" hits="72057594037927936"/><line number="123" hits="72057594037927936"/><line number="124" hits="72057594037927936"/><line number="125" hits="72057594037927936"/><line number="126" hits="72057594037927936"/><line number="129" hits="72057594037927936"/></lines></class><class name="task_performed" filename="src\model\task_performed.rs" line-rate="0.8333333333333334" branch-rate="0" complexity="0"><methods/><lines><line number="29" hits="288230376151711744"/><line number="34" hits="288230376151711744"/><line number="35" hits="288230376151711744"/><line number="36" hits="288230376151711744"/><line number="37" hits="288230376151711744"/><line number="38" hits="288230376151711744"/><line number="51" hits="144115188075855872"/><line number="52" hits="144115188075855872"/><line number="53" hits="144115188075855872"/><line number="54" hits="144115188075855872"/><line number="55" hits="144115188075855872"/><line number="56" hits="144115188075855872"/><line number="68" hits="144115188075855872"/><line number="69" hits="144115188075855872"/><line number="70" hits="144115188075855872"/><line number="71" hits="144115188075855872"/><line number="72" hits="144115188075855872"/><line number="73" hits="144115188075855872"/><line number="85" hits="72057594037927936"/><line number="89" hits="72057594037927936"/><line number="90" hits="72057594037927936"/><line number="91" hits="72057594037927936"/><line number="92" hits="72057594037927936"/><line number="93" hits="72057594037927936"/><line number="94" hits="72057594037927936"/><line number="106" hits="792633534417207296"/><line number="111" hits="792633534417207296"/><line number="112" hits="792633534417207296"/><line number="113" hits="792633534417207296"/><line number="114" hits="792633534417207296"/><line number="117" hits="0"/><line number="122" hits="0"/><line number="123" hits="0"/><line number="124" hits="0"/><line number="126" hits="0"/><line number="127" hits="0"/><line number="128" hits="0"/><line number="144" hits="144115188075855872"/><line number="149" hits="144115188075855872"/><line number="150" hits="144115188075855872"/><line number="151" hits="144115188075855872"/><line number="152" hits="144115188075855872"/></lines></class></classes></package><package name="src\bin" line-rate="0" branch-rate="0" complexity="0"><classes><class name="task_list_runner" filename="src\bin\task_list_runner.rs" line-rate="0" branch-rate="0" complexity="0"><methods/><lines><line number="10" hits="0"/><line number="12" hits="0"/><line number="18" hits="0"/><line number="19" hits="0"/><line number="20" hits="0"/><line number="24" hits="0"/><line number="25" hits="0"/><line number="35" hits="0"/><line number="45" hits="0"/><line number="46" hits="0"/><line number="47" hits="0"/></lines></class><class name="task_prompt_runner" filename="src\bin\task_prompt_runner.rs" line-rate="0" branch-rate="0" complexity="0"><methods/><lines><line number="9" hits="0"/><line number="11" hits="0"/><line number="17" hits="0"/><line number="18" hits="0"/><line number="22" hits="0"/><line number="23" hits="0"/><line number="33" hits="0"/><line number="43" hits="0"/><line number="44" hits="0"/><line number="45" hits="0"/></lines></class></classes></package><package name="src\widget" line-rate="0" branch-rate="0" complexity="0"><classes><class name="task_list_widget" filename="src\widget\task_list_widget.rs" line-rate="0" branch-rate="0" complexity="0"><methods/><lines><line number="15" hits="0"/><line number="20" hits="0"/><line number="21" hits="0"/><line number="22" hits="0"/><line number="24" hits="0"/><line number="26" hits="0"/><line number="37" hits="0"/><line number="39" hits="0"/><line number="40" hits="0"/><line number="55" hits="0"/><line number="58" hits="0"/><line number="59" hits="0"/><line number="67" hits="0"/><line number="68" hits="0"/><line number="69" hits="0"/><line number="71" hits="0"/><line number="72" hits="0"/><line number="73" hits="0"/><line number="74" hits="0"/><line number="75" hits="0"/><line number="76" hits="0"/><line number="79" hits="0"/><line number="80" hits="0"/><line number="81" hits="0"/><line number="82" hits="0"/><line number="83" hits="0"/><line number="85" hits="0"/><line number="86" hits="0"/><line number="87" hits="0"/><line number="93" hits="0"/><line number="94" hits="0"/><line number="95" hits="0"/><line number="98" hits="0"/><line number="99" hits="0"/><line number="100" hits="0"/><line number="101" hits="0"/><line number="102" hits="0"/><line number="105" hits="0"/><line number="107" hits="0"/><line number="108" hits="0"/><line number="109" hits="0"/><line number="111" hits="0"/><line number="112" hits="0"/><line number="113" hits="0"/><line number="114" hits="0"/><line number="115" hits="0"/><line number="116" hits="0"/><line number="117" hits="0"/><line number="118" hits="0"/><line number="119" hits="0"/><line number="120" hits="0"/><line number="121" hits="0"/><line number="122" hits="0"/><line number="123" hits="0"/><line number="124" hits="0"/><line number="125" hits="0"/><line number="126" hits="0"/><line number="128" hits="0"/><line number="130" hits="0"/><line number="131" hits="0"/><line number="132" hits="0"/><line number="133" hits="0"/><line number="134" hits="0"/><line number="135" hits="0"/><line number="136" hits="0"/><line number="138" hits="0"/><line number="139" hits="0"/><line number="141" hits="0"/><line number="142" hits="0"/><line number="146" hits="0"/><line number="147" hits="0"/><line number="148" hits="0"/><line number="149" hits="0"/><line number="150" hits="0"/><line number="151" hits="0"/><line number="152" hits="0"/><line number="159" hits="0"/><line number="160" hits="0"/><line number="161" hits="0"/><line number="163" hits="0"/><line number="164" hits="0"/><line number="165" hits="0"/><line number="167" hits="0"/><line number="168" hits="0"/><line number="169" hits="0"/><line number="170" hits="0"/><line number="171" hits="0"/><line number="173" hits="0"/><line number="175" hits="0"/><line number="176" hits="0"/><line number="177" hits="0"/><line number="178" hits="0"/><line number="179" hits="0"/><line number="180" hits="0"/><line number="182" hits="0"/><line number="183" hits="0"/><line number="185" hits="0"/><line number="186" hits="0"/><line number="190" hits="0"/><line number="191" hits="0"/><line number="192" hits="0"/><line number="197" hits="0"/></lines></class><class name="task_prompt_widget" filename="src\widget\task_prompt_widget.rs" line-rate="0" branch-rate="0" complexity="0"><methods/><lines><line number="13" hits="0"/><line number="15" hits="0"/><line number="16" hits="0"/><line number="17" hits="0"/><line number="18" hits="0"/><line number="19" hits="0"/><line number="20" hits="0"/><line number="22" hits="0"/><line number="29" hits="0"/><line number="30" hits="0"/><line number="31" hits="0"/><line number="32" hits="0"/><line number="37" hits="0"/><line number="38" hits="0"/><line number="39" hits="0"/><line number="40" hits="0"/><line number="41" hits="0"/><line number="44" hits="0"/><line number="46" hits="0"/><line number="47" hits="0"/><line number="50" hits="0"/><line number="51" hits="0"/><line number="52" hits="0"/><line number="53" hits="0"/><line number="56" hits="0"/><line number="58" hits="0"/><line number="59" hits="0"/><line number="60" hits="0"/><line number="61" hits="0"/><line number="63" hits="0"/><line number="65" hits="0"/><line number="72" hits="0"/></lines></class><class name="task_select_widget" filename="src\widget\task_select_widget.rs" line-rate="0" branch-rate="0" complexity="0"><methods/><lines><line number="18" hits="0"/><line number="19" hits="0"/><line number="25" hits="0"/><line number="33" hits="0"/><line number="34" hits="0"/><line number="37" hits="0"/><line number="38" hits="0"/><line number="39" hits="0"/><line number="40" hits="0"/><line number="41" hits="0"/><line number="42" hits="0"/><line number="47" hits="0"/><line number="48" hits="0"/><line number="50" hits="0"/><line number="51" hits="0"/><line number="54" hits="0"/><line number="56" hits="0"/><line number="57" hits="0"/><line number="60" hits="0"/><line number="62" hits="0"/><line number="65" hits="0"/><line number="66" hits="0"/><line number="67" hits="0"/><line number="68" hits="0"/><line number="69" hits="0"/><line number="70" hits="0"/><line number="71" hits="0"/><line number="74" hits="0"/><line number="75" hits="0"/><line number="76" hits="0"/><line number="77" hits="0"/><line number="78" hits="0"/><line number="79" hits="0"/><line number="80" hits="0"/><line number="81" hits="0"/><line number="82" hits="0"/><line number="89" hits="0"/><line number="90" hits="0"/><line number="94" hits="0"/><line number="96" hits="0"/></lines></class></classes></package><package name="src" line-rate="0.29328621908127206" branch-rate="0" complexity="0"><classes><class name="lib" filename="src\lib.rs" line-rate="0" branch-rate="0" complexity="0"><methods/><lines><line number="17" hits="0"/><line number="18" hits="0"/><line number="20" hits="0"/><line number="21" hits="0"/><line number="22" hits="0"/><line number="24" hits="0"/><line number="26" hits="0"/></lines></class><class name="main" filename="src\main.rs" line-rate="0" branch-rate="0" complexity="0"><methods/><lines><line number="12" hits="0"/><line number="13" hits="0"/><line number="15" hits="0"/><line number="17" hits="0"/><line number="18" hits="0"/><line number="19" hits="0"/><line number="20" hits="0"/><line number="21" hits="0"/><line number="22" hits="0"/><line number="23" hits="0"/><line number="24" hits="0"/><line number="25" hits="0"/><line number="26" hits="0"/><line number="28" hits="0"/><line number="30" hits="0"/><line number="32" hits="0"/><line number="37" hits="0"/><line number="38" hits="0"/><line number="41" hits="0"/><line number="48" hits="0"/><line number="49" hits="0"/><line number="50" hits="0"/><line number="53" hits="0"/><line number="54" hits="0"/><line number="56" hits="0"/><line number="58" hits="0"/><line number="60" hits="0"/><line number="61" hits="0"/><line number="62" hits="0"/><line number="63" hits="0"/><line number="65" hits="0"/><line number="66" hits="0"/><line number="68" hits="0"/><line number="69" hits="0"/><line number="72" hits="0"/><line number="74" hits="0"/><line number="75" hits="0"/><line number="76" hits="0"/><line number="77" hits="0"/><line number="78" hits="0"/><line number="80" hits="0"/><line number="81" hits="0"/><line number="83" hits="0"/><line number="86" hits="0"/><line number="87" hits="0"/><line number="89" hits="0"/><line number="92" hits="0"/><line number="94" hits="0"/><line number="95" hits="0"/><line number="96" hits="0"/><line number="97" hits="0"/><line number="98" hits="0"/><line number="100" hits="0"/><line number="101" hits="0"/><line number="107" hits="0"/><line number="108" hits="0"/><line number="109" hits="0"/><line number="111" hits="0"/><line number="116" hits="0"/><line number="118" hits="0"/><line number="124" hits="0"/><line number="125" hits="0"/><line number="128" hits="0"/><line number="129" hits="0"/><line number="130" hits="0"/><line number="137" hits="0"/><line number="139" hits="0"/><line number="144" hits="0"/><line number="145" hits="0"/><line number="146" hits="0"/></lines></class><class name="schema" filename="src\schema.rs" line-rate="1" branch-rate="0" complexity="0"><methods/><lines><line number="3" hits="9151314442816847872"/><line number="4" hits="9151314442816847872"/><line number="5" hits="4755801206503243776"/><line number="6" hits="5692549928996306944"/><line number="7" hits="4035225266123964416"/><line number="11" hits="4971973988617027584"/><line number="12" hits="4971973988617027584"/><line number="13" hits="14483576401623515136"/><line number="14" hits="14915921965851082752"/><line number="15" hits="12898309332789100544"/></lines></class><class name="task_list" filename="src\task_list.rs" line-rate="0" branch-rate="0" complexity="0"><methods/><lines><line number="22" hits="0"/><line number="26" hits="0"/><line number="28" hits="0"/><line number="29" hits="0"/><line number="32" hits="0"/><line number="34" hits="0"/><line number="35" hits="0"/><line number="37" hits="0"/><line number="39" hits="0"/><line number="40" hits="0"/><line number="41" hits="0"/><line number="42" hits="0"/><line number="44" hits="0"/><line number="45" hits="0"/><line number="46" hits="0"/><line number="49" hits="0"/><line number="53" hits="0"/><line number="54" hits="0"/><line number="57" hits="0"/><line number="58" hits="0"/><line number="61" hits="0"/><line number="62" hits="0"/><line number="64" hits="0"/><line number="67" hits="0"/><line number="68" hits="0"/><line number="70" hits="0"/><line number="72" hits="0"/><line number="73" hits="0"/><line number="75" hits="0"/><line number="76" hits="0"/><line number="77" hits="0"/><line number="78" hits="0"/><line number="80" hits="0"/><line number="81" hits="0"/><line number="86" hits="0"/><line number="87" hits="0"/><line number="88" hits="0"/><line number="89" hits="0"/><line number="91" hits="0"/><line number="97" hits="0"/><line number="98" hits="0"/><line number="99" hits="0"/><line number="102" hits="0"/><line number="103" hits="0"/><line number="106" hits="0"/><line number="107" hits="0"/><line number="109" hits="0"/><line number="111" hits="0"/><line number="112" hits="0"/><line number="113" hits="0"/><line number="116" hits="0"/><line number="119" hits="0"/><line number="120" hits="0"/><line number="124" hits="0"/><line number="125" hits="0"/><line number="127" hits="0"/><line number="130" hits="0"/><line number="135" hits="0"/><line number="138" hits="0"/><line number="140" hits="0"/><line number="141" hits="0"/><line number="142" hits="0"/><line number="143" hits="0"/><line number="146" hits="0"/><line number="147" hits="0"/><line number="148" hits="0"/><line number="149" hits="0"/><line number="150" hits="0"/><line number="154" hits="0"/><line number="155" hits="0"/><line number="156" hits="0"/><line number="161" hits="0"/><line number="166" hits="0"/><line number="167" hits="0"/><line number="168" hits="0"/><line number="169" hits="0"/><line number="171" hits="0"/><line number="172" hits="0"/><line number="175" hits="0"/><line number="176" hits="0"/><line number="177" hits="0"/><line number="179" hits="0"/></lines></class><class name="task_prompt" filename="src\task_prompt.rs" line-rate="0" branch-rate="0" complexity="0"><methods/><lines><line number="16" hits="0"/><line number="17" hits="0"/><line number="18" hits="0"/><line number="20" hits="0"/><line number="26" hits="0"/><line number="31" hits="0"/><line number="32" hits="0"/><line number="38" hits="0"/><line number="39" hits="0"/><line number="41" hits="0"/><line number="42" hits="0"/><line number="44" hits="0"/><line number="46" hits="0"/><line number="47" hits="0"/><line number="49" hits="0"/><line number="51" hits="0"/><line number="52" hits="0"/><line number="53" hits="0"/><line number="54" hits="0"/><line number="57" hits="0"/><line number="60" hits="0"/><line number="63" hits="0"/><line number="68" hits="0"/></lines></class><class name="task_prompt_manager" filename="src\task_prompt_manager.rs" line-rate="0.9615384615384616" branch-rate="0" complexity="0"><methods/><lines><line number="27" hits="720575940379279360"/><line number="28" hits="720575940379279360"/><line number="29" hits="720575940379279360"/><line number="31" hits="720575940379279360"/><line number="33" hits="720575940379279360"/><line number="39" hits="144115188075855872"/><line number="40" hits="144115188075855872"/><line number="43" hits="504403158265495552"/><line number="44" hits="504403158265495552"/><line number="47" hits="576460752303423488"/><line number="48" hits="576460752303423488"/><line number="50" hits="0"/><line number="54" hits="576460752303423488"/><line number="55" hits="576460752303423488"/><line number="56" hits="576460752303423488"/><line number="58" hits="576460752303423488"/><line number="59" hits="576460752303423488"/><line number="61" hits="576460752303423488"/><line number="63" hits="1152921504606846976"/><line number="64" hits="576460752303423488"/><line number="66" hits="1080863910568919040"/><line number="68" hits="1080863910568919040"/><line number="69" hits="576460752303423488"/><line number="70" hits="288230376151711744"/><line number="71" hits="288230376151711744"/><line number="72" hits="576460752303423488"/><line number="73" hits="288230376151711744"/><line number="74" hits="576460752303423488"/><line number="75" hits="144115188075855872"/><line number="77" hits="144115188075855872"/><line number="78" hits="144115188075855872"/><line number="83" hits="216172782113783808"/><line number="84" hits="216172782113783808"/><line number="85" hits="432345564227567616"/><line number="86" hits="432345564227567616"/><line number="87" hits="216172782113783808"/><line number="88" hits="216172782113783808"/><line number="90" hits="0"/><line number="96" hits="504403158265495552"/><line number="104" hits="720575940379279360"/><line number="106" hits="720575940379279360"/><line number="108" hits="720575940379279360"/><line number="110" hits="1297036692682702848"/><line number="111" hits="576460752303423488"/><line number="112" hits="576460752303423488"/><line number="113" hits="576460752303423488"/><line number="114" hits="576460752303423488"/><line number="116" hits="1152921504606846976"/><line number="117" hits="576460752303423488"/><line number="118" hits="576460752303423488"/><line number="119" hits="576460752303423488"/><line number="128" hits="720575940379279360"/></lines></class></classes></package></packages></coverage>